[INFO   ] Logger: Record log in D:\GIT\kivy_django_kivy/conf\logs\kivy_22-07-09_44.txt
[INFO   ] deps: Successfully imported "kivy_deps.angle" 0.3.2
[INFO   ] deps: Successfully imported "kivy_deps.glew" 0.3.1
[INFO   ] deps: Successfully imported "kivy_deps.sdl2" 0.4.5
[INFO   ] Kivy: v2.1.0
[INFO   ] Kivy: Installed at "D:\GIT\kivy_django_kivy\kivy_venv\lib\site-packages\kivy\__init__.py"
[INFO   ] Python: v3.10.4 (tags/v3.10.4:9d38120, Mar 23 2022, 23:13:41) [MSC v.1929 64 bit (AMD64)]
[INFO   ] Python: Interpreter at "D:\GIT\kivy_django_kivy\kivy_venv\Scripts\python.exe"
[INFO   ] Logger: Purge log fired. Processing...
[INFO   ] Logger: Purge finished!
[INFO   ] Factory: 189 symbols loaded
[INFO   ] KivyMD: 0.104.2, git-bc7d1f5, 2021-06-06 (installed at "D:\GIT\kivy_django_kivy\kivy_venv\lib\site-packages\kivymd\__init__.py")
[INFO   ] Image: Providers: img_tex, img_dds, img_sdl2, img_pil (img_ffpyplayer ignored)
[INFO   ] Text: Provider: sdl2
[INFO   ] Window: Provider: sdl2
[INFO   ] GL: Using the "OpenGL" graphics system
[INFO   ] GL: GLEW initialization succeeded
[INFO   ] GL: Backend used <glew>
[INFO   ] GL: OpenGL version <b'4.6.0 - Build 30.0.100.9864'>
[INFO   ] GL: OpenGL vendor <b'Intel'>
[INFO   ] GL: OpenGL renderer <b'Intel(R) Iris(R) Xe Graphics'>
[INFO   ] GL: OpenGL parsed version: 4, 6
[INFO   ] GL: Shading version <b'4.60 - Build 30.0.100.9864'>
[INFO   ] GL: Texture max size <16384>
[INFO   ] GL: Texture max units <32>
[INFO   ] Window: auto add sdl2 input provider
[INFO   ] Window: virtual keyboard not allowed, single mode, not docked
[INFO   ] GL: NPOT texture support is available
[INFO   ] GL: Unpack subimage support is available
[WARNING] stderr: Traceback (most recent call last):
[WARNING] stderr:   File "D:\GIT\kivy_django_kivy\kivy_venv\lib\site-packages\kivy\lang\builder.py", line 704, in _apply_rule
[WARNING] stderr:     setattr(widget_set, key, value)
[WARNING] stderr:   File "kivy\weakproxy.pyx", line 35, in kivy.weakproxy.WeakProxy.__setattr__
[WARNING] stderr:   File "kivy\properties.pyx", line 520, in kivy.properties.Property.__set__
[WARNING] stderr:   File "kivy\properties.pyx", line 939, in kivy.properties.ListProperty.set
[WARNING] stderr:   File "kivy\properties.pyx", line 567, in kivy.properties.Property.set
[WARNING] stderr:   File "kivy\properties.pyx", line 606, in kivy.properties.Property._dispatch
[WARNING] stderr:   File "kivy\_event.pyx", line 1307, in kivy._event.EventObservers.dispatch
[WARNING] stderr:   File "kivy\_event.pyx", line 1189, in kivy._event.EventObservers._dispatch
[WARNING] stderr:   File "D:\GIT\kivy_django_kivy\kivy_venv\lib\site-packages\kivy\lang\builder.py", line 67, in call_fn
[WARNING] stderr:     setattr(element, key, e_value)
[WARNING] stderr:   File "kivy\weakproxy.pyx", line 35, in kivy.weakproxy.WeakProxy.__setattr__
[WARNING] stderr:   File "kivy\properties.pyx", line 520, in kivy.properties.Property.__set__
[WARNING] stderr:   File "kivy\properties.pyx", line 1463, in kivy.properties.ReferenceListProperty.set
[WARNING] stderr:   File "kivy\properties.pyx", line 1452, in kivy.properties.ReferenceListProperty.check
[WARNING] stderr: ValueError: MDBottomNavigationBar.md_bg_color value length is immutable
[WARNING] stderr: 
[WARNING] stderr: During handling of the above exception, another exception occurred:
[WARNING] stderr: 
[WARNING] stderr: Traceback (most recent call last):
[WARNING] stderr:   File "D:\GIT\kivy_django_kivy\test2.py", line 64, in <module>
[WARNING] stderr:     TestNavigationDrawer().run()
[WARNING] stderr:   File "D:\GIT\kivy_django_kivy\kivy_venv\lib\site-packages\kivy\app.py", line 954, in run
[WARNING] stderr:     self._run_prepare()
[WARNING] stderr:   File "D:\GIT\kivy_django_kivy\kivy_venv\lib\site-packages\kivy\app.py", line 924, in _run_prepare
[WARNING] stderr:     root = self.build()
[WARNING] stderr:   File "D:\GIT\kivy_django_kivy\test2.py", line 40, in build
[WARNING] stderr:     return Builder.load_file('kv/test2.kv')
[WARNING] stderr:   File "D:\GIT\kivy_django_kivy\kivy_venv\lib\site-packages\kivy\lang\builder.py", line 305, in load_file
[WARNING] stderr:     return self.load_string(data, **kwargs)
[WARNING] stderr:   File "D:\GIT\kivy_django_kivy\kivy_venv\lib\site-packages\kivy\lang\builder.py", line 407, in load_string
[WARNING] stderr:     self._apply_rule(
[WARNING] stderr:   File "D:\GIT\kivy_django_kivy\kivy_venv\lib\site-packages\kivy\lang\builder.py", line 709, in _apply_rule
[WARNING] stderr:     raise BuilderException(rule.ctx, rule.line,
[WARNING] stderr: kivy.lang.builder.BuilderException: Parser: File "D:\GIT\kivy_django_kivy\kv\test2.kv", line 98:
[WARNING] stderr: ...
[WARNING] stderr:      96:                
[WARNING] stderr:      97:                MDBottomNavigation:
[WARNING] stderr: >>   98:                    panel_color: "#eeeaea"
[WARNING] stderr:      99:                    selected_color_background: "#97ecf8"
[WARNING] stderr:     100:                    text_color_active: 0, 0, 0, 1
[WARNING] stderr: ...
[WARNING] stderr: ValueError: MDBottomNavigationBar.md_bg_color value length is immutable
[WARNING] stderr:   File "D:\GIT\kivy_django_kivy\kivy_venv\lib\site-packages\kivy\lang\builder.py", line 704, in _apply_rule
[WARNING] stderr:     setattr(widget_set, key, value)
[WARNING] stderr:   File "kivy\weakproxy.pyx", line 35, in kivy.weakproxy.WeakProxy.__setattr__
[WARNING] stderr:   File "kivy\properties.pyx", line 520, in kivy.properties.Property.__set__
[WARNING] stderr:   File "kivy\properties.pyx", line 939, in kivy.properties.ListProperty.set
[WARNING] stderr:   File "kivy\properties.pyx", line 567, in kivy.properties.Property.set
[WARNING] stderr:   File "kivy\properties.pyx", line 606, in kivy.properties.Property._dispatch
[WARNING] stderr:   File "kivy\_event.pyx", line 1307, in kivy._event.EventObservers.dispatch
[WARNING] stderr:   File "kivy\_event.pyx", line 1189, in kivy._event.EventObservers._dispatch
[WARNING] stderr:   File "D:\GIT\kivy_django_kivy\kivy_venv\lib\site-packages\kivy\lang\builder.py", line 67, in call_fn
[WARNING] stderr:     setattr(element, key, e_value)
[WARNING] stderr:   File "kivy\weakproxy.pyx", line 35, in kivy.weakproxy.WeakProxy.__setattr__
[WARNING] stderr:   File "kivy\properties.pyx", line 520, in kivy.properties.Property.__set__
[WARNING] stderr:   File "kivy\properties.pyx", line 1463, in kivy.properties.ReferenceListProperty.set
[WARNING] stderr:   File "kivy\properties.pyx", line 1452, in kivy.properties.ReferenceListProperty.check
[WARNING] stderr: 
